2025-04-23	16:40:57	860fca1d-e4b0-45dc-acea-66ae43209f37	GET	/animais	undefined
2025-04-23	16:41:21	308f65c4-372a-499f-917b-2757b0aa17bd	GET	/animal	undefined
2025-04-23	17:09:28	eb25af2b-fc24-487c-8350-92aae76d7960	POST	/animal/cadastro	undefined
2025-04-23	17:10:57	f9eca009-c1d1-421b-bf73-eb868c69913c	POST	/animal/cadastro	undefined
2025-04-23	17:11:43	7ac998e8-751b-45d3-8f30-eaac082264b3	POST	/animal/cadastro	undefined
2025-04-23	17:12:22	207dfebf-f803-4f1e-a43d-23932716d58e	POST	/animal/cadastro	undefined
2025-04-23	17:18:55	b3765562-12b8-4a14-bcc9-2569cf480f2a	POST	/animal/cadastro	undefined
2025-04-23	17:19:08	50da993a-081e-496a-995c-eed4bce58f07	POST	/animal/cadastro	undefined
2025-04-23	17:21:54	0a1485af-fbd5-4bf8-8ada-94bfed11886e	POST	/animal/cadastro	undefined
2025-04-23	17:22:11	76794c19-962f-4f4c-8022-dfce6e08dc98	POST	/animal/cadastro	undefined
2025-04-23	17:24:18	f8934d02-9ac2-4798-b5a9-554c90d71596	POST	/animal/cadastro	undefined
2025-04-23	17:24:37	bb4a0445-b94f-4b3f-a847-44c36c303c2f	GET	/animal	undefined
2025-04-23	17:26:16	407627d0-b3c7-4c79-8b18-9b754813f43f	POST	/animal/cadastro	undefined
2025-04-23	17:26:20	aae65187-9e42-48fe-b217-df2fe8a3830d	GET	/animal	undefined
2025-04-23	17:42:38	b75be18c-e918-45fb-bd5f-1b4b92c39e32	DELETE	/delete/123	undefined
2025-04-23	17:43:08	25104eca-769c-4bec-914e-7c262ecf7272	DELETE	/animal/delete/123	undefined
2025-04-23	17:43:41	79cb129d-bcaa-45d7-9886-573ac5f022cc	DELETE	/animal/delete/123	undefined
2025-04-23	17:44:03	02cf409b-9edf-4409-b171-e590c0c69473	DELETE	/animal/delete/485bb3bf-2fb6-40f9-8766-00edbfb3e24e	undefined
2025-04-23	17:44:36	bc31cfcc-dec2-441a-9f06-f16bba0371da	DELETE	/animal/delete/485bb3bf-2fb6-40f9-8766-00edbfb3e24e	undefined
2025-04-23	17:44:56	34d91c6e-0419-44f1-ac94-7596421a1bb0	DELETE	/animal/delete/485bb3bf-2fb6-40f9-8766-00edbfb3e24e	undefined
2025-04-23	17:45:58	461784fc-de88-4e3b-88ea-dd015b41203c	DELETE	/animal/delete/485bb3bf-2fb6-40f9-8766-00edbfb3e24e	undefined
2025-04-23	17:49:44	3915894e-fca6-450c-abe2-84331b061113	DELETE	/animal/delete/485bb3bf-2fb6-40f9-8766-00edbfb3e24e	undefined
2025-04-23	17:51:00	42f8c9b5-ca7c-493d-80ef-641391a5d2ae	GET	/animal	undefined
2025-04-23	17:51:09	d8a20d02-27a9-4461-b087-8999fe581cd8	POST	/animal/cadastro	undefined
2025-04-23	17:51:12	845c4a00-6347-4f0b-85d8-5d330ea19462	GET	/animal	undefined
2025-04-23	17:51:22	c28cc5a8-5cd0-4b78-96db-1ebea693d29a	DELETE	/animal/delete/11368a5b-48d0-4407-be88-25ab8e02126a	undefined
2025-04-24	16:23:34	a90928c8-e6d9-4d36-bb7a-c0f0be8fc081	POST	/animal/cadastro	undefined
2025-04-24	16:24:33	fc8bf605-e2d6-4014-9920-8d7b624a30fd	POST	/animal/cadastro	undefined
2025-04-24	16:24:47	25d9f52b-79e6-4853-a500-da30b9a534b1	GET	/animal/	undefined
2025-04-24	16:25:39	261100ac-c59d-4da0-9351-d4725077de06	DELETE	/animal/delete/2ab28726-0f75-4b33-945b-16dfc128898f	undefined
2025-04-24	16:26:52	7cc936fe-7a82-4cb9-8a4f-4ece0ca4f67e	POST	/animal/cadastro	undefined
2025-04-24	16:26:55	a8aefec7-1a4e-43e7-973e-c2dcb38b97ac	GET	/animal/	undefined
2025-04-24	16:27:08	e00882ca-5816-465d-b123-5919527daca8	DELETE	/animal/delete/069a4926-5d04-4585-8926-b7418265a6ce	undefined
2025-04-24	16:27:17	9cd75df3-b09f-4b62-82b9-3dacd1c26257	GET	/animal/	undefined
2025-04-24	16:27:43	b2a52b1b-9022-4671-ae2e-a52fd4c98da3	POST	/animal/cadastro	undefined
2025-04-24	16:27:53	89166195-902c-405a-9c3b-089859fed009	POST	/animal/cadastro	undefined
2025-04-24	16:27:57	65dbb037-ac2d-43e1-8b23-a9a695f80014	GET	/animal/	undefined
2025-04-24	16:28:15	2ec1f47e-22f9-4f2d-95e2-6a43a350a27d	DELETE	/animal/delete/4f5fbaca-b9a5-4f16-a217-dda897e10c5a	undefined
2025-04-24	16:28:29	27faeaee-735b-4dba-9097-ca8ef82b7c4d	GET	/animal/	undefined
2025-04-24	16:30:53	5d6f53ee-5e5b-4b35-adde-c049eca37da9	POST	/animal/cadastro	undefined
2025-04-24	16:32:06	9cef31b4-79ee-4b5d-911c-1624cd39ec48	GET	/animal/	undefined
2025-04-24	16:32:36	f9e81501-085f-41f3-af20-4e7ecda56598	GET	/animal/	undefined
2025-04-24	16:32:47	81810483-6afa-4ecf-b5d4-6d407757cfb6	POST	/animal/cadastro	undefined
2025-04-24	16:32:59	417c6493-7597-47d3-b278-d4bc16171cb4	GET	/animal/	undefined
2025-04-24	16:39:37	7227b430-bef2-4637-9c97-ab4c2fd30b1e	GET	/animal/	undefined
2025-04-24	16:39:46	c0ef219f-1388-4b14-94a9-e02bee13c34a	POST	/animal/cadastro	undefined
2025-04-24	16:39:52	c268ca40-4f25-435e-9014-612fd76a80b5	GET	/animal/	undefined
