2025-04-23	16:34:29	ef07b82e-6d0b-4dea-8850-40a77a22946a	Servidor rodando na porta 3000
2025-04-23	16:35:00	ac989f1c-16e6-4edc-b0bc-c25263d72cec	Servidor rodando na porta 3000
2025-04-23	16:35:11	1d0ff155-1a75-4dbe-b174-3f560868f920	Servidor rodando na porta 3000
2025-04-23	16:37:06	d0318dbf-c826-4ceb-af80-f08eecf55eec	Servidor rodando na porta 3000
2025-04-23	16:37:14	62d419fe-8de2-4c62-a9b9-c4a333712a2d	Servidor rodando na porta 3000
2025-04-23	16:37:29	caffc6ae-6a1d-4c00-9608-0c2583fb2c3e	Servidor rodando na porta 3000
2025-04-23	16:37:45	ec110b02-20a4-438e-a288-ce61aa6b83f4	Servidor rodando na porta 3000
2025-04-23	16:37:52	ad914b35-fea8-4632-9619-643876691b0a	Servidor rodando na porta 3000
2025-04-23	16:38:10	01e3c3d9-c12c-4ec7-ac95-3c7062cc41fe	Servidor rodando na porta 3000
2025-04-23	16:39:19	697d6de5-7f6e-4d48-bfb9-7639614359e4	Servidor rodando na porta 3000
2025-04-23	16:39:27	f1eed7d0-617b-4785-8681-027d9271b17f	Servidor rodando na porta 3000
2025-04-23	16:39:37	568d6ce3-a37e-433b-85e5-a10fe9c726f9	Servidor rodando na porta 3000
2025-04-23	16:41:15	0833e1a9-fb3f-4b93-90c1-812d46a59f68	Servidor rodando na porta 3000
2025-04-23	16:43:13	a4ce41a6-576b-4377-bb75-01fc9ebb02c5	Servidor rodando na porta 3000
2025-04-23	16:43:26	95269e82-fd99-40b8-be5d-5d0223276baa	Servidor rodando na porta 3000
2025-04-23	16:45:01	1034d60f-a88f-4c11-9b14-3fca1fe1be71	Servidor rodando na porta 3000
2025-04-23	16:45:05	3f586d10-1d5d-4efc-94ae-6de554f9dfb6	Servidor rodando na porta 3000
2025-04-23	16:45:09	0b569eaa-dff7-4fa7-8d21-16e255c48578	Servidor rodando na porta 3000
2025-04-23	16:47:15	5b4a3b8b-947b-46a9-91ba-719ed7a51c97	Servidor rodando na porta 3000
2025-04-23	16:48:02	a3811800-eb5e-4733-abf1-f27c54d08928	Servidor rodando na porta 3000
2025-04-23	16:48:12	051c28e4-9a62-4594-a60f-1561b4e8adb1	Servidor rodando na porta 3000
2025-04-23	16:50:40	0de4ba27-0517-470f-bd68-ad10787bef00	Servidor rodando na porta 3000
2025-04-23	16:50:55	586cf550-d895-4141-b3d0-f5a70c34cef1	Servidor rodando na porta 3000
2025-04-23	16:51:18	49baeb62-48ea-4866-9381-4a18beb2f7ff	Servidor rodando na porta 3000
2025-04-23	16:51:35	6bcc56b6-e541-4a30-89d3-580450a122cc	Servidor rodando na porta 3000
2025-04-23	16:52:16	df8c1e5f-9002-4be3-b98f-190e94507b37	Servidor rodando na porta 3000
2025-04-23	16:52:47	1857a6e6-70ab-4efc-b6be-05f5ea0e8add	Servidor rodando na porta 3000
2025-04-23	16:55:30	c9577d88-847b-4f0b-9edc-12ecad19fe89	Servidor rodando na porta 3000
2025-04-23	16:55:46	46ffc8da-8070-4e3b-9f78-617ea9ed0e06	Servidor rodando na porta 3000
2025-04-23	17:00:09	e7c4e791-a7ca-4bd6-8e82-64183d7bd4b9	Servidor rodando na porta 3000
2025-04-23	17:01:27	188db60e-bce9-4c60-bcfb-9dbbeb5c2df5	Servidor rodando na porta 3000
2025-04-23	17:02:19	6195f18d-1d59-4a0c-ab4b-5659bf453d6d	Servidor rodando na porta 3000
2025-04-23	17:02:22	b14e89f9-8087-4b0a-bd75-81c2a35eca67	Servidor rodando na porta 3000
2025-04-23	17:02:48	79500ef5-1aae-4580-8493-ddbc858cb709	Servidor rodando na porta 3000
2025-04-23	17:03:47	d9af7d15-dc1c-4e4f-bade-c8425dcbd806	Servidor rodando na porta 3000
2025-04-23	17:08:42	8f2bc38f-8095-45b2-b717-3adfb56a0c4e	Servidor rodando na porta 3000
2025-04-23	17:09:45	8b587b7b-d617-44a5-8551-a061e4b6bcbe	Servidor rodando na porta 3000
2025-04-23	17:10:54	bed67a6a-0cab-42af-ba30-fa4744369e1e	Servidor rodando na porta 3000
2025-04-23	17:18:19	66c1fd1b-531f-4843-b1a6-177d8fe13966	Servidor rodando na porta 3000
2025-04-23	17:18:36	114955cc-2233-4bc2-9883-531d54ef34b2	Servidor rodando na porta 3000
2025-04-23	17:19:09	e406f2c3-dace-4ee5-ba6c-b20d3f453e35	Servidor rodando na porta 3000
2025-04-23	17:20:41	018d731d-c2e7-4ae4-ac79-b0ae6b473369	Servidor rodando na porta 3000
2025-04-23	17:21:49	c88ba74a-d527-48d1-99b5-4e7b7474cbf5	Servidor rodando na porta 3000
2025-04-23	17:22:25	8e8762d4-dda0-4695-bce9-ce1f3952d533	Servidor rodando na porta 3000
2025-04-23	17:22:58	20275a20-fc3e-4b29-9fe0-392956be9ce4	Servidor rodando na porta 3000
2025-04-23	17:23:38	4f177fbe-38d8-42f7-98f4-e2ee8673823d	Servidor rodando na porta 3000
2025-04-23	17:23:47	4d1f8b47-092e-496c-89ae-20f9513bcde0	Servidor rodando na porta 3000
2025-04-23	17:27:05	bee9046c-f123-449a-a052-8134af19b892	Servidor rodando na porta 3000
2025-04-23	17:31:46	ac2bf330-76db-498d-834a-54f47862fdf7	Servidor rodando na porta 3000
2025-04-23	17:41:51	32f16aff-5186-4dfa-82c2-925ca24d28eb	Servidor rodando na porta 3000
2025-04-23	17:42:02	2edbd8c1-46b9-492b-9b20-3bd52212f83c	Servidor rodando na porta 3000
2025-04-23	17:43:38	b4287e0e-5e5d-42fc-a833-c99dbafd0e51	Servidor rodando na porta 3000
2025-04-23	17:44:29	8ec5995a-a5a2-412f-b367-7a3d6e161152	Servidor rodando na porta 3000
2025-04-23	17:44:33	f88e0d40-b0ed-4d1b-bb37-2149744abede	Servidor rodando na porta 3000
2025-04-23	17:44:53	7af3c3df-c3fd-422b-b620-2b155e7ace85	Servidor rodando na porta 3000
2025-04-23	17:45:29	da362abf-ff9f-4f16-a78e-a99fcbe6394f	Servidor rodando na porta 3000
2025-04-23	17:49:32	1ed7d76c-9175-4bda-acc7-984681bdb22f	Servidor rodando na porta 3000
2025-04-24	16:06:09	78816cd8-8f0a-4f56-bea3-8fed25f8abc7	Servidor rodando na porta 3000
2025-04-24	16:14:50	c5f6ca0c-cdfd-460f-9f1e-cfe8aa8a4135	Servidor rodando na porta 3000
2025-04-24	16:20:23	ac106708-9ad5-4a4b-b6e2-d8f0d573356f	Servidor rodando na porta 3000
2025-04-24	16:24:26	aa8f798b-73fa-4996-a2bc-51e758fab3ee	Servidor rodando na porta 3000
2025-04-24	16:26:37	30dad497-a6de-44f6-a172-40abb14e6b19	Servidor rodando na porta 3000
2025-04-24	16:32:24	a7ef12d3-8d98-4746-8af1-a4d58799918f	Servidor rodando na porta 3000
2025-04-24	16:36:26	64f93016-d16a-44e9-8330-7b1cb60b18f1	Servidor rodando na porta 3000
2025-04-24	16:39:32	5b45359a-50bb-463c-87ee-3e366a1ecab4	Servidor rodando na porta 3000
2025-04-28	17:00:31	30edff0b-3eb4-49e8-884d-d280dea5e592	Servidor rodando na porta 3000
2025-04-28	17:04:53	9a78ee02-f888-48de-ab01-452f2c81b9f9	Servidor rodando na porta 3000
2025-04-30	16:49:27	f2f66603-3d7e-49e5-9313-b4b6c23417fb	Servidor rodando na porta 3000
2025-04-30	16:50:50	c6df6e16-8fc6-405c-95e0-eff17065ec22	Servidor rodando na porta 3000
2025-04-30	16:56:24	58d1b4d8-b884-45fb-a7c1-f431a74f6c46	Servidor rodando na porta 3000
2025-04-30	16:58:11	aa7a196f-8884-413b-b9b4-506042271094	Servidor rodando na porta 3000
2025-04-30	16:58:36	0aac99c9-eae7-4856-836f-1ada70e2ddc4	Servidor rodando na porta 3000
2025-04-30	17:02:39	e5895a97-c217-4cc0-8f4c-8fcbfa713e38	Servidor rodando na porta 3000
2025-04-30	17:08:40	4c3343e9-3d7c-462f-9411-5c5f2e948898	Servidor rodando na porta 3000
2025-04-30	17:08:56	9d2eded6-b1ca-4a3a-99cd-f95c4ccb0e16	Servidor rodando na porta 3000
2025-04-30	17:11:51	6aedb30c-b7c6-4220-948d-2289a366b7b1	Servidor rodando na porta 3000
2025-04-30	17:12:15	f8c1bc34-40a0-4b06-a1ca-115cda731569	Servidor rodando na porta 3000
2025-04-30	17:13:25	1e781695-2b1c-49ca-a2ce-f364ea8b53a4	Servidor rodando na porta 3000
2025-04-30	17:15:29	c8fe8005-97e4-42db-8613-bbf17e0c789e	Servidor rodando na porta 3000
2025-04-30	17:15:35	73b668a5-957d-4ced-bde5-9ff6b0f0ef6b	Servidor rodando na porta 3000
2025-04-30	17:16:14	7f135734-b762-4e69-ae76-f217edf65a20	Servidor rodando na porta 3000
2025-04-30	17:17:09	28de1596-e966-4d5e-974a-dff745fc335a	Servidor rodando na porta 3000
2025-04-30	17:20:02	7621b332-f5f5-49e9-bcf1-312cbad38f53	Servidor rodando na porta 3000
2025-04-30	17:21:20	9e4b5b53-b53a-4e7c-9f58-00f451d5f8a0	Servidor rodando na porta 3000
2025-04-30	17:22:12	4f170842-1c8d-4092-886c-3e81427f3615	Servidor rodando na porta 3000
2025-04-30	17:23:49	f0dfa157-f6bb-45c8-9428-6517a6088fa2	Servidor rodando na porta 3000
2025-04-30	17:24:28	26727d31-fe09-4cb8-bd58-33f865d202c3	Servidor rodando na porta 3000
2025-04-30	17:28:19	2182afd0-81a9-4656-9844-e052bb53df3a	Servidor rodando na porta 3000
2025-04-30	17:28:33	b07847e5-b6f5-4b70-ab91-77d3068a99f5	Servidor rodando na porta 3000
