2025-04-23	17:10:57	3d053cea-e02d-4e6f-8f2c-87f77a93d225	Mostrando o código encontrado EX
2025-04-23	17:11:43	78f41f16-3a78-4404-aea2-1a70f11cb39a	Mostrando o código encontrado CR
2025-04-23	17:12:22	4b3ca695-de64-49b6-970d-615c05c1a24f	Mostrando o código encontrado undefined
2025-04-23	17:18:55	36e0dbc3-91c1-4d74-833f-4286b01d7d2a	Mostrando o código encontrado undefined
2025-04-23	17:19:08	17f4e2d5-8c14-42c4-87e9-8d83edd9c2e9	Mostrando o código encontrado undefined
2025-04-23	17:21:54	0ac7adad-6d4a-4298-823d-48762ec8591c	Mostrando o código encontrado undefined
2025-04-23	17:22:11	aa818691-b251-4544-89d1-17abd5288786	Mostrando o código encontrado CR
2025-04-23	17:24:18	083e6632-926f-4560-8d9a-a40d28db3252	Mostrando o código encontrado CR
2025-04-23	17:26:16	5e2a5d20-54d7-4bf2-a652-f640ee958b8d	Mostrando o código encontrado CR
2025-04-23	17:51:09	281689af-5868-4d07-b59c-a299085c5dbb	Mostrando o código encontrado CR
2025-04-24	16:24:33	35d4ba84-514e-4100-9df7-c3ba3f3708f9	Mostrando o código encontrado NT
2025-04-24	16:26:52	f9a9140c-6f87-41d0-ac01-0176c36fe24a	Mostrando o código encontrado NT
2025-04-24	16:27:43	3fba7415-cf59-4c38-9f71-8b93099dd14c	Mostrando o código encontrado NT
2025-04-24	16:27:53	ed259635-56d4-499a-91bd-7e97f2e23b04	Mostrando o código encontrado NT
2025-04-24	16:30:53	ead9fa09-eec5-4908-94f0-8dbbcaa87522	Mostrando o código encontrado undefined
2025-04-24	16:32:47	995d3d4e-979c-4fd6-90df-3580cd7a9c01	Mostrando o código encontrado undefined
2025-04-28	17:04:40	c1768b2c-dacb-412f-989a-9c6f5abf50da	Mostrando o código encontrado NT
2025-04-28	17:04:58	e5227e9e-289b-42f9-a2ec-0f87cebf4222	Mostrando o código encontrado NT
2025-04-30	15:11:44	add7ce0c-1343-4cb6-bb84-91da291b5530	Cadastrando animal
2025-04-30	15:14:01	a8b3ba7f-85da-4a4c-b0a2-6da7b68f4321	Cadastrando animal
2025-04-30	15:17:32	9aa440c4-81e9-47b4-9a70-0c0c6e148dc9	Cadastrando animal
2025-04-30	15:17:49	739bd67c-66f6-4105-92db-01eef553e9aa	Cadastrando animal
2025-04-30	15:18:10	55fad409-8720-491b-aa35-6041792c54dd	Cadastrando animal
2025-04-30	15:21:16	e635f17a-5eda-4ed6-94b7-9a793224ff60	Cadastrando animal
2025-04-30	15:21:25	b064a6aa-48ac-41ff-93d7-65cfb62bebcf	Cadastrando animal
