2025-04-23	16:34:29	ef07b82e-6d0b-4dea-8850-40a77a22946a	Servidor rodando na porta 3000
2025-04-23	16:35:00	ac989f1c-16e6-4edc-b0bc-c25263d72cec	Servidor rodando na porta 3000
2025-04-23	16:35:11	1d0ff155-1a75-4dbe-b174-3f560868f920	Servidor rodando na porta 3000
2025-04-23	16:37:06	d0318dbf-c826-4ceb-af80-f08eecf55eec	Servidor rodando na porta 3000
2025-04-23	16:37:14	62d419fe-8de2-4c62-a9b9-c4a333712a2d	Servidor rodando na porta 3000
2025-04-23	16:37:29	caffc6ae-6a1d-4c00-9608-0c2583fb2c3e	Servidor rodando na porta 3000
2025-04-23	16:37:45	ec110b02-20a4-438e-a288-ce61aa6b83f4	Servidor rodando na porta 3000
2025-04-23	16:37:52	ad914b35-fea8-4632-9619-643876691b0a	Servidor rodando na porta 3000
2025-04-23	16:38:10	01e3c3d9-c12c-4ec7-ac95-3c7062cc41fe	Servidor rodando na porta 3000
2025-04-23	16:39:19	697d6de5-7f6e-4d48-bfb9-7639614359e4	Servidor rodando na porta 3000
2025-04-23	16:39:27	f1eed7d0-617b-4785-8681-027d9271b17f	Servidor rodando na porta 3000
2025-04-23	16:39:37	568d6ce3-a37e-433b-85e5-a10fe9c726f9	Servidor rodando na porta 3000
2025-04-23	16:41:15	0833e1a9-fb3f-4b93-90c1-812d46a59f68	Servidor rodando na porta 3000
2025-04-23	16:43:13	a4ce41a6-576b-4377-bb75-01fc9ebb02c5	Servidor rodando na porta 3000
2025-04-23	16:43:26	95269e82-fd99-40b8-be5d-5d0223276baa	Servidor rodando na porta 3000
2025-04-23	16:45:01	1034d60f-a88f-4c11-9b14-3fca1fe1be71	Servidor rodando na porta 3000
2025-04-23	16:45:05	3f586d10-1d5d-4efc-94ae-6de554f9dfb6	Servidor rodando na porta 3000
2025-04-23	16:45:09	0b569eaa-dff7-4fa7-8d21-16e255c48578	Servidor rodando na porta 3000
2025-04-23	16:47:15	5b4a3b8b-947b-46a9-91ba-719ed7a51c97	Servidor rodando na porta 3000
2025-04-23	16:48:02	a3811800-eb5e-4733-abf1-f27c54d08928	Servidor rodando na porta 3000
2025-04-23	16:48:12	051c28e4-9a62-4594-a60f-1561b4e8adb1	Servidor rodando na porta 3000
2025-04-23	16:50:40	0de4ba27-0517-470f-bd68-ad10787bef00	Servidor rodando na porta 3000
2025-04-23	16:50:55	586cf550-d895-4141-b3d0-f5a70c34cef1	Servidor rodando na porta 3000
2025-04-23	16:51:18	49baeb62-48ea-4866-9381-4a18beb2f7ff	Servidor rodando na porta 3000
2025-04-23	16:51:35	6bcc56b6-e541-4a30-89d3-580450a122cc	Servidor rodando na porta 3000
2025-04-23	16:52:16	df8c1e5f-9002-4be3-b98f-190e94507b37	Servidor rodando na porta 3000
2025-04-23	16:52:47	1857a6e6-70ab-4efc-b6be-05f5ea0e8add	Servidor rodando na porta 3000
2025-04-23	16:55:30	c9577d88-847b-4f0b-9edc-12ecad19fe89	Servidor rodando na porta 3000
2025-04-23	16:55:46	46ffc8da-8070-4e3b-9f78-617ea9ed0e06	Servidor rodando na porta 3000
2025-04-23	17:00:09	e7c4e791-a7ca-4bd6-8e82-64183d7bd4b9	Servidor rodando na porta 3000
2025-04-23	17:01:27	188db60e-bce9-4c60-bcfb-9dbbeb5c2df5	Servidor rodando na porta 3000
2025-04-23	17:02:19	6195f18d-1d59-4a0c-ab4b-5659bf453d6d	Servidor rodando na porta 3000
2025-04-23	17:02:22	b14e89f9-8087-4b0a-bd75-81c2a35eca67	Servidor rodando na porta 3000
2025-04-23	17:02:48	79500ef5-1aae-4580-8493-ddbc858cb709	Servidor rodando na porta 3000
2025-04-23	17:03:47	d9af7d15-dc1c-4e4f-bade-c8425dcbd806	Servidor rodando na porta 3000
2025-04-23	17:08:42	8f2bc38f-8095-45b2-b717-3adfb56a0c4e	Servidor rodando na porta 3000
2025-04-23	17:09:45	8b587b7b-d617-44a5-8551-a061e4b6bcbe	Servidor rodando na porta 3000
2025-04-23	17:10:54	bed67a6a-0cab-42af-ba30-fa4744369e1e	Servidor rodando na porta 3000
2025-04-23	17:18:19	66c1fd1b-531f-4843-b1a6-177d8fe13966	Servidor rodando na porta 3000
2025-04-23	17:18:36	114955cc-2233-4bc2-9883-531d54ef34b2	Servidor rodando na porta 3000
2025-04-23	17:19:09	e406f2c3-dace-4ee5-ba6c-b20d3f453e35	Servidor rodando na porta 3000
2025-04-23	17:20:41	018d731d-c2e7-4ae4-ac79-b0ae6b473369	Servidor rodando na porta 3000
2025-04-23	17:21:49	c88ba74a-d527-48d1-99b5-4e7b7474cbf5	Servidor rodando na porta 3000
2025-04-23	17:22:25	8e8762d4-dda0-4695-bce9-ce1f3952d533	Servidor rodando na porta 3000
2025-04-23	17:22:58	20275a20-fc3e-4b29-9fe0-392956be9ce4	Servidor rodando na porta 3000
2025-04-23	17:23:38	4f177fbe-38d8-42f7-98f4-e2ee8673823d	Servidor rodando na porta 3000
2025-04-23	17:23:47	4d1f8b47-092e-496c-89ae-20f9513bcde0	Servidor rodando na porta 3000
2025-04-23	17:27:05	bee9046c-f123-449a-a052-8134af19b892	Servidor rodando na porta 3000
2025-04-23	17:31:46	ac2bf330-76db-498d-834a-54f47862fdf7	Servidor rodando na porta 3000
2025-04-23	17:41:51	32f16aff-5186-4dfa-82c2-925ca24d28eb	Servidor rodando na porta 3000
2025-04-23	17:42:02	2edbd8c1-46b9-492b-9b20-3bd52212f83c	Servidor rodando na porta 3000
2025-04-23	17:43:38	b4287e0e-5e5d-42fc-a833-c99dbafd0e51	Servidor rodando na porta 3000
2025-04-23	17:44:29	8ec5995a-a5a2-412f-b367-7a3d6e161152	Servidor rodando na porta 3000
2025-04-23	17:44:33	f88e0d40-b0ed-4d1b-bb37-2149744abede	Servidor rodando na porta 3000
2025-04-23	17:44:53	7af3c3df-c3fd-422b-b620-2b155e7ace85	Servidor rodando na porta 3000
2025-04-23	17:45:29	da362abf-ff9f-4f16-a78e-a99fcbe6394f	Servidor rodando na porta 3000
2025-04-23	17:49:32	1ed7d76c-9175-4bda-acc7-984681bdb22f	Servidor rodando na porta 3000
2025-04-24	16:06:09	78816cd8-8f0a-4f56-bea3-8fed25f8abc7	Servidor rodando na porta 3000
2025-04-24	16:14:50	c5f6ca0c-cdfd-460f-9f1e-cfe8aa8a4135	Servidor rodando na porta 3000
2025-04-24	16:20:23	ac106708-9ad5-4a4b-b6e2-d8f0d573356f	Servidor rodando na porta 3000
2025-04-24	16:24:26	aa8f798b-73fa-4996-a2bc-51e758fab3ee	Servidor rodando na porta 3000
2025-04-24	16:26:37	30dad497-a6de-44f6-a172-40abb14e6b19	Servidor rodando na porta 3000
2025-04-24	16:32:24	a7ef12d3-8d98-4746-8af1-a4d58799918f	Servidor rodando na porta 3000
2025-04-24	16:36:26	64f93016-d16a-44e9-8330-7b1cb60b18f1	Servidor rodando na porta 3000
2025-04-24	16:39:32	5b45359a-50bb-463c-87ee-3e366a1ecab4	Servidor rodando na porta 3000
2025-04-28	17:00:31	30edff0b-3eb4-49e8-884d-d280dea5e592	Servidor rodando na porta 3000
2025-04-28	17:04:53	9a78ee02-f888-48de-ab01-452f2c81b9f9	Servidor rodando na porta 3000
2025-04-30	14:42:52	a10996af-c538-4287-bb9b-0f46e8a58b7e	Servidor rodando na porta 3000
2025-04-30	14:43:19	20247b64-5f7e-4310-bc52-0377abc68ce4	Servidor rodando na porta 3000
2025-04-30	15:03:14	28bbc53c-710f-433c-8912-cec589e92882	Servidor rodando na porta 3000
2025-04-30	15:03:25	8b87099c-bfa7-46f2-b09c-d1b4ad78b19e	Servidor rodando na porta 3000
2025-04-30	15:06:54	ee9788c3-8743-4976-afae-0b5b89cc74b9	Servidor rodando na porta 3000
2025-04-30	15:07:47	b6cf2582-4f5e-481b-96b7-e59eb8347bbf	Servidor rodando na porta 3000
2025-04-30	15:09:54	bef74023-381e-4548-b78f-dbc309c28493	Servidor rodando na porta 3000
2025-04-30	15:11:43	0b8a48e6-4b28-40c4-b966-2fc852cc9316	Servidor rodando na porta 3000
2025-04-30	15:13:24	d1c54127-ac19-475f-bc0d-ec1c07e44bd6	Servidor rodando na porta 3000
2025-04-30	15:13:32	8b8f7598-302c-4c91-91e7-d2ef9c0fd813	Servidor rodando na porta 3000
2025-04-30	15:15:03	891db788-00e9-4d56-be0e-ece1d7ad0042	Servidor rodando na porta 3000
2025-04-30	15:15:17	2282ef3a-6d7b-469c-ba7c-8910c0cf0b3f	Servidor rodando na porta 3000
2025-04-30	15:16:24	56dc8e95-b530-4eef-a0d5-ab628a2cac09	Servidor rodando na porta 3000
2025-04-30	15:17:05	9b21adf1-185a-4a9d-8d1b-822fbcfd6919	Servidor rodando na porta 3000
2025-04-30	15:17:28	cbd99902-51ad-4e5e-96f4-1c2f01e5df1a	Servidor rodando na porta 3000
2025-04-30	15:17:46	03984ca9-44de-4ed6-bc11-7c5a04059d69	Servidor rodando na porta 3000
2025-04-30	15:18:08	0c01106c-c9ac-4206-a7fb-997b26a58a99	Servidor rodando na porta 3000
2025-04-30	15:18:48	8a64abb1-8c9d-48a9-9148-9061202d5791	Servidor rodando na porta 3000
2025-04-30	15:20:21	24cb4769-af57-4014-afc7-5bf15152053f	Servidor rodando na porta 3000
2025-04-30	15:20:28	a96ae572-b9af-48c3-b61a-b3eaec17aa67	Servidor rodando na porta 3000
2025-04-30	15:20:59	c9a06a86-8cc3-432b-9b4b-41f64622b580	Servidor rodando na porta 3000
2025-04-30	15:21:20	d1d8e324-3c64-45d4-b1f6-aa4a38b82908	Servidor rodando na porta 3000
2025-04-30	15:22:41	4c9b30d1-95b4-4ba4-8c8c-54a3f6eb6149	Servidor rodando na porta 3000
2025-04-30	15:23:00	20c25bb6-bf4f-464b-bda2-f8e2c90b7924	Servidor rodando na porta 3000
2025-04-30	15:23:26	29b2fcf3-8293-428f-8617-c86c12964a2d	Servidor rodando na porta 3000
2025-04-30	15:24:08	ac1251d4-ed4c-422f-b8bd-5b6f6ea22c3d	Servidor rodando na porta 3000
2025-04-30	15:25:26	1df74c43-5232-469f-a15c-76af944fb8e5	Servidor rodando na porta 3000
2025-04-30	15:25:53	28aca04e-3828-4c01-9bb4-e5fa7725b7d7	Servidor rodando na porta 3000
2025-04-30	15:38:05	d26c7a47-8c56-43df-b925-8aa4edf6f5f6	Servidor rodando na porta 3000
2025-04-30	15:38:23	4efaa3b0-20df-4894-845c-2a32881334e7	Servidor rodando na porta 3000
2025-04-30	15:45:18	c2adc2c8-8a92-40fa-abf9-8263f74bda9a	Servidor rodando na porta 3000
2025-04-30	15:45:55	98bdea9b-6706-4744-8f15-e6f8c4a18de8	Servidor rodando na porta 3000
2025-05-07	15:27:02	c273f7cc-0d39-4e57-a520-3ff405987d75	Servidor rodando na porta 3000
2025-05-07	15:27:46	f422efee-083e-4bfa-9337-28384a83668b	Servidor rodando na porta 3000
2025-05-07	15:28:45	4e2b35d2-b51f-4423-ae56-eb04065a89d6	Servidor rodando na porta 3000
2025-05-07	15:29:14	07f50197-6a33-4f32-a8ff-fa46c4102fb9	Servidor rodando na porta 3000
2025-05-19	14:54:52	9c13c58d-e897-4785-ba79-0a7d5257b311	Servidor rodando na porta 3000
2025-05-19	14:55:03	ed87d5de-3483-4e90-b85c-470f1ce197de	Servidor rodando na porta 3000
2025-05-19	14:58:45	18f0f54d-6bbf-4d61-b46f-948884cd5a27	Servidor rodando na porta 3000
2025-05-19	15:00:24	b24ac86d-8347-413d-b5fe-041560aac8ff	Servidor rodando na porta 3000
2025-05-19	15:00:32	ca56c308-ff8f-4da7-b2d4-590c5396a630	Servidor rodando na porta 3000
2025-05-19	15:00:42	51e76908-3570-4f83-82e8-d297aaa21a41	Servidor rodando na porta 3000
2025-05-19	15:00:44	d635bbd4-a204-4893-a36f-1f94bae71513	Servidor rodando na porta 3000
