2025-04-23	19:26:38	ea2f10e5-c4c7-473c-9c99-4d7fd48119ce	Servidor rodando na porta 3000
2025-04-23	19:27:45	063b4bfa-903d-44b2-86a2-a5121db04a56	Servidor rodando na porta 3000
2025-04-23	19:27:52	365f3def-5095-4760-95cc-3eece4e34dc5	Servidor rodando na porta 3000
2025-04-23	19:28:57	5eae2e0e-1938-4014-af44-746bf7e2964d	Servidor rodando na porta 3000
2025-04-23	19:29:08	1d633842-78a7-4889-b482-14eceb03ac24	Servidor rodando na porta 3000
2025-04-23	19:29:29	24373be3-cd05-483d-bcf0-804d4f34c4dd	Servidor rodando na porta 3000
2025-04-23	19:29:40	59f063bd-32cc-4e43-aecb-57e5dca661d1	Servidor rodando na porta 3000
2025-04-23	19:30:29	e8546dae-a602-47a9-aa78-8dec1cb8f2d8	Servidor rodando na porta 3000
2025-04-23	19:31:16	f59b500e-ba71-456d-a119-553afaccbbf7	Servidor rodando na porta 3000
2025-04-23	19:31:48	cecd49ea-8f72-4c7f-ab3b-3564edbbb64b	Servidor rodando na porta 3000
2025-04-23	19:36:36	fdde80a6-b7c2-4115-bbe9-c7f515a2a728	Servidor rodando na porta 3000
2025-04-23	19:37:30	680c84fe-0a78-4d19-91f0-de86ba7815c8	Servidor rodando na porta 3000
2025-04-23	19:40:32	00f64157-28cd-49e6-98db-4365135d1961	Servidor rodando na porta 3000
2025-04-23	19:41:24	06e7b340-52e8-42f1-9e86-11cee76ba0d4	Servidor rodando na porta 3000
2025-04-23	19:43:22	e423f940-1e8f-4595-8e60-60d6c4311af8	Servidor rodando na porta 3000
2025-04-23	19:46:44	60616a24-891d-463d-9c6e-6d70754634b8	Servidor rodando na porta 3000
2025-04-23	19:47:12	5ac0209d-c057-4e35-a4c4-3841619b1f32	Servidor rodando na porta 3000
2025-04-23	19:49:41	82b023ff-293c-497b-b908-7343f2473286	Servidor rodando na porta 3000
2025-04-23	19:51:08	b15ddcda-8d8b-4383-bd31-8c6192dbdad2	Servidor rodando na porta 3000
2025-04-23	19:52:02	9d2527f4-81d0-4ec5-ab96-d811aff906c4	Servidor rodando na porta 3000
2025-04-23	19:53:00	4a41184d-0e74-4665-bd01-ccf9d16c31cc	Servidor rodando na porta 3000
2025-04-23	19:56:26	ac094250-5a25-40ea-bf76-ad8228e0e803	Servidor rodando na porta 3000
2025-04-23	19:57:27	decbbfd7-abc8-4ccf-8c0a-0483d0c63558	Servidor rodando na porta 3000
2025-04-23	19:57:49	12ed6984-119d-437d-a94b-0d3facdf9483	Servidor rodando na porta 3000
2025-04-23	19:59:04	a299f2e6-dd07-4566-89c7-35c2636e8e75	Servidor rodando na porta 3000
2025-04-23	19:59:17	bd929a1e-5196-4f3a-949f-f83efdf70278	Servidor rodando na porta 3000
2025-04-23	19:59:26	5f06f6eb-f9db-4b7d-aae5-61390564557d	Servidor rodando na porta 3000
2025-04-23	20:00:02	b2b4f33d-6144-4dea-b5e3-44cbcd7024b7	Servidor rodando na porta 3000
2025-04-23	20:05:11	87b744c7-25d8-447c-9563-a9ffb2e1a713	Servidor rodando na porta 3000
2025-04-23	20:05:39	74130d0d-152d-4779-867f-9b589a6abb2d	Servidor rodando na porta 3000
2025-04-23	20:06:52	51ac437c-b5b4-4d3d-8569-3ad6434ce97d	Servidor rodando na porta 3000
2025-04-23	20:08:10	7a10b908-2b8c-4841-be4f-cc2f7ee6f486	Servidor rodando na porta 3000
2025-04-23	20:08:44	14c1c89a-b617-4bdd-9e47-ecb8f62c2094	Servidor rodando na porta 3000
2025-04-23	20:10:27	5768ae5c-4adc-46c9-bbec-8d4afd2e5b10	Servidor rodando na porta 3000
2025-04-23	20:10:56	7e1315c9-418f-48cc-bcf8-7eab74182a19	Servidor rodando na porta 3000
2025-04-23	20:11:25	61e72704-61df-426f-b7dd-de1726cc6c35	Servidor rodando na porta 3000
2025-04-23	20:13:09	b138a86e-cdcf-4b5a-8645-e53ff4f707ca	Servidor rodando na porta 3000
2025-04-23	20:13:35	ee845446-4255-4b5c-862b-bc0907533a18	Servidor rodando na porta 3000
2025-04-23	20:13:45	649b749d-54ac-46fa-8813-f9272ca2b84c	Servidor rodando na porta 3000
2025-04-23	20:16:04	49b42036-870a-4d82-b188-d8e4b4cb91ec	Servidor rodando na porta 3000
2025-04-23	20:19:34	9721bbf9-32b3-4c63-97f1-4346dbefbad7	Servidor rodando na porta 3000
2025-04-23	20:21:56	0ed480df-4f41-4791-8c0e-c87fd913214b	Servidor rodando na porta 3000
2025-04-23	20:22:39	e09b5703-f08e-495b-b590-858427ca3aa1	Servidor rodando na porta 3000
2025-04-23	20:23:02	aa34da69-f048-4dc4-8cfa-a2392f491dfe	Servidor rodando na porta 3000
2025-04-23	20:24:16	f20a699f-c1e5-43ac-b5fc-0d360e8cd148	Servidor rodando na porta 3000
2025-04-23	20:24:22	c469b47d-8e12-4700-98b6-60981b457c31	Servidor rodando na porta 3000
2025-04-23	20:24:34	7285d55e-3a08-41cf-9123-67f25b6bded0	Servidor rodando na porta 3000
2025-04-23	20:25:07	0a5d5145-726c-4914-8764-96bc684680be	Servidor rodando na porta 3000
2025-04-23	20:26:00	fc4de799-9c5e-4e65-bc15-d3a208ee0ecc	Servidor rodando na porta 3000
2025-04-23	20:27:44	4996f956-c209-469e-8468-afe66b93b1a0	Servidor rodando na porta 3000
2025-04-23	20:31:20	3fcddea0-f0be-4670-a469-94aa9769ca71	Servidor rodando na porta 3000
2025-04-23	20:32:05	4845f8de-c33d-4658-be32-2b302402b310	Servidor rodando na porta 3000
2025-04-23	20:42:12	af5b5a07-21df-4c09-ac29-358a70bed31d	Servidor rodando na porta 3000
2025-04-23	20:44:31	6f3975d8-ecb1-4296-a1ee-937d3ecf0729	Servidor rodando na porta 3000
2025-04-23	20:44:41	d1626266-d56c-4b45-96e0-0980dc5f6836	Servidor rodando na porta 3000
2025-04-23	20:45:05	a73db6cf-6154-46e9-9c44-4a4b75a1d072	Servidor rodando na porta 3000
2025-04-23	20:45:55	cd56786e-4e69-4b99-8ba3-186d0a4de597	Servidor rodando na porta 3000
2025-04-23	20:46:13	a0742c77-ea70-48dc-9582-2dcb1ccb14e5	Servidor rodando na porta 3000
2025-04-23	20:47:36	cf650559-0932-4a9d-aee7-02b19dea756f	Servidor rodando na porta 3000
2025-04-23	20:54:12	113b3aee-7732-4216-9d53-3a168f2ee69d	Servidor rodando na porta 3000
2025-04-24	19:09:56	036322f4-4e0f-4ba0-b9cb-07f8ab226022	Servidor rodando na porta 3000
2025-04-24	19:11:17	9b89c8d7-2c82-4dd2-b316-3f2c4b7e7332	Servidor rodando na porta 3000
2025-04-25	00:23:26	1e5cd869-7299-46a3-9192-c525a7c3b45b	Servidor rodando na porta 3000
2025-04-28	19:48:38	ba1ad572-2066-46ad-8a4f-f7c6404346c3	Servidor rodando na porta 3000
2025-04-28	19:50:53	2e80d18f-2f37-4f5a-96e5-c6d074d99ca3	Servidor rodando na porta 3000
2025-04-28	19:51:33	725ed90e-8cb7-4d0c-94a9-42e5f61576b8	Servidor rodando na porta 3000
2025-04-28	19:52:18	94625590-4e3e-4d76-b24c-e8eb4c24fe70	Servidor rodando na porta 3000
2025-04-28	19:53:38	984efade-0549-4d1e-b809-0c584f2c7c1f	Servidor rodando na porta 3000
2025-04-28	19:56:06	ec6ce560-c418-455b-8ae8-036b11f25115	Servidor rodando na porta 3000
2025-04-28	20:01:35	ef6078f0-c448-44af-acfa-001d0b4d9605	Servidor rodando na porta 3000
2025-04-28	20:01:49	4a7b87fc-6180-4cfe-949d-6a0715d7f42f	Servidor rodando na porta 3000
2025-04-28	21:34:49	12b5042a-68f4-4bb4-8459-47851be60b58	Servidor rodando na porta 3000
2025-04-30	19:44:20	9a5db8f7-e22a-4b33-bea6-5f5d9301c369	Servidor rodando na porta 3000
2025-04-30	19:52:13	ed41d39c-2025-437b-b2c6-4c9b148098ec	Servidor rodando na porta 3000
2025-04-30	19:53:53	e5671293-cfe5-40f5-9b8b-d05fb17d2ee5	Servidor rodando na porta 3000
2025-04-30	19:54:36	9fbefa6e-b888-48cf-9efc-0399889b1c6b	Servidor rodando na porta 3000
2025-04-30	19:58:15	6b341e69-0a6b-4475-9b8b-38a577d33ef8	Servidor rodando na porta 3000
2025-04-30	20:13:51	1dc563d0-23f4-4ec7-9663-c80e2616e41d	Servidor rodando na porta 3000
2025-04-30	20:14:29	ec116976-77f4-4702-a9f3-b8922e72e89c	Servidor rodando na porta 3000
2025-04-30	20:14:32	c9563127-556f-44f9-9c2b-cb87c81533b7	Servidor rodando na porta 3000
2025-04-30	20:16:16	dbd6a50c-012d-4adf-9566-a1663ea37c23	Servidor rodando na porta 3000
2025-04-30	20:21:16	595d7eea-f99b-499a-bc2c-15a3961f71f6	Servidor rodando na porta 3000
2025-04-30	20:21:23	f4c35217-2e2c-495e-a492-20b06a30389b	Servidor rodando na porta 3000
2025-04-30	20:21:59	199746c0-1fbf-4cf6-9d72-60b2d48c93e3	Servidor rodando na porta 3000
2025-04-30	20:22:19	5cdb1048-9078-49f3-9e21-593d9a371735	Servidor rodando na porta 3000
2025-04-30	20:27:08	32040995-bebd-451f-9383-131ee6eaf616	Servidor rodando na porta 3000
2025-04-30	21:06:21	f3137964-915a-45d6-b404-f03f9df571be	Servidor rodando na porta 3000
2025-05-05	19:19:54	13cb37f1-6558-4796-9838-346abf030e05	Servidor rodando na porta 3000
2025-05-05	19:20:22	cae5f61e-cd31-4224-a6b7-c1c9bffeb9af	Servidor rodando na porta 3003
2025-05-05	19:26:37	f3162246-3b3d-44c5-9614-6ea1b5ad27b1	Servidor rodando na porta 3003
