2025-04-23	19:36:58	935a0380-11de-4149-bf34-ecc848961541	GET	/animal/	undefined
2025-04-23	19:55:09	31cf7059-b403-48d4-8f9f-a828b447e32a	POST	/animal/cadastro	undefined
2025-04-23	19:55:27	2688b720-0f60-4536-97f7-fe39e96d4a44	POST	/animal/cadastra	undefined
2025-04-23	19:56:36	23fee192-8d3b-4ce5-890b-e4d23e2d0fca	POST	/animal/cadastra	undefined
2025-04-23	19:57:31	0079f4ab-495e-45ff-8a98-2e6f6f201b2f	POST	/animal/cadastra	undefined
2025-04-23	19:57:54	7b9f1dd9-15f8-48fa-ba63-39ea4a84966c	POST	/animal/cadastra	undefined
2025-04-23	19:59:33	0ef4706d-df8f-4634-b946-4327a1d0a678	POST	/animal/cadastra	undefined
2025-04-23	20:00:05	b76dea27-ec6e-4678-a4d7-eb8a40380798	POST	/animal/cadastra	undefined
2025-04-23	20:02:22	c9076ff5-22a2-4cd7-93ea-8962286838fb	POST	/animal/cadastra	undefined
2025-04-23	20:02:58	a8f56de4-14d7-48f1-b34e-759eed2442bb	POST	/animal/cadastra	undefined
2025-04-23	20:09:04	7a8a1f2a-4434-4c72-a8bb-7cb37d8524f7	POST	/animal/cadastra	undefined
2025-04-23	20:15:26	5d363bf9-8c32-41bc-a1ed-05c49c314f5c	POST	/animal/cadastra	undefined
2025-04-23	20:15:37	04fe0807-b79b-4878-8419-0573e8e4c77b	GET	/animal/	undefined
2025-04-23	20:16:13	04636efc-bbc9-48c1-b92a-6873cae63333	GET	/animal/	undefined
2025-04-23	20:16:20	6765806c-78f8-4d15-bc4d-c0efe824db80	POST	/animal/cadastra	undefined
2025-04-23	20:16:28	57fbd200-69c3-4e4a-8c4e-6632e6a9facf	GET	/animal/	undefined
2025-04-23	20:22:47	697a9302-347c-4440-bbba-273531e24521	POST	/animal/cadastra	undefined
2025-04-23	20:23:04	7883dc28-d102-41e9-94e8-e66417839a2e	POST	/animal/cadastra	undefined
2025-04-23	20:26:10	09e6d7a8-e1a4-4bce-9d5a-c5bc561179d7	POST	/animal/cadastra	undefined
2025-04-23	20:26:15	f901eb4c-dde7-4385-8d1e-f0b24126d8dd	GET	/animal/	undefined
2025-04-23	20:27:50	10ce434e-01fd-4972-8656-484f2466a2cd	POST	/animal/cadastra	undefined
2025-04-23	20:27:53	1e28330f-c153-4dc0-b477-ec2ecd8a9cd3	GET	/animal/	undefined
2025-04-23	20:32:10	2de62523-4b3f-411d-b1d3-e703f8c959bf	POST	/animal/cadastra	undefined
2025-04-23	20:32:12	9399196a-eda6-4939-bcde-a41c762481e2	GET	/animal/	undefined
2025-04-23	20:32:38	f22541ed-0039-4eae-b61a-ae2518ced908	POST	/animal/cadastra	undefined
2025-04-23	20:32:51	50a55794-82c3-42a1-ab2e-86cf87eec1fd	GET	/animal/	undefined
2025-04-23	20:45:08	6c97fa24-7451-4746-b8c9-78e409ec8f87	GET	/animal/	undefined
2025-04-23	20:45:15	6f03bc6d-c159-4aab-bcad-372f7568c3ba	POST	/animal/cadastra	undefined
2025-04-23	20:45:22	cc73768e-bcf1-43a9-b8ed-541f4e3eab84	GET	/animal/	undefined
2025-04-23	20:45:40	f49d47c8-dc2d-4c83-9acc-e8457e4f09ff	DELETE	/animal/delete/42bda418-1ae6-4265-a7fe-91ac73db31bd	undefined
2025-04-23	20:46:03	98e7d497-4c79-47d5-8b4b-a666bc3f708d	DELETE	/animal/delete/42bda418-1ae6-4265-a7fe-91ac73db31bd	undefined
2025-04-23	20:46:17	42bc8dc3-e781-4157-8e33-0c2ba0f23e4d	DELETE	/animal/delete/42bda418-1ae6-4265-a7fe-91ac73db31bd	undefined
2025-04-23	20:47:40	53d9019c-ab9b-4c47-a93a-5269721918eb	DELETE	/animal/delete/42bda418-1ae6-4265-a7fe-91ac73db31bd	undefined
2025-04-23	20:48:18	53960039-41bf-49b4-aabc-295ccc7ecd54	POST	/animal/cadastra	undefined
2025-04-23	20:48:25	61aa593a-4dab-4e35-9d64-fe638005972c	GET	/animal/	undefined
2025-04-23	20:48:30	b05738df-717e-4c2d-a941-f9b173e47e98	DELETE	/animal/delete/1d1cef5c-ed13-4c56-97cd-94c989f9e106	undefined
2025-04-24	19:10:12	d37ca77a-c443-4837-80f3-4829d3680660	POST	/animal/cadastra	undefined
2025-04-24	19:10:17	8c594220-402d-4608-8e34-39531688e2c1	GET	/animal/	undefined
2025-04-24	19:11:24	2c6b5b8b-b159-4c40-8fed-2e03e3de1d15	POST	/animal/cadastra	undefined
2025-04-24	19:11:32	823aef8f-bdc5-405e-865d-ef4c55ef8829	GET	/animal/	undefined
2025-04-24	19:11:39	c5db3a74-7831-47bc-ae61-973e73d693a8	DELETE	/animal/delete/1baa002f-f0ba-458b-b5a9-84573d16ea10	undefined
2025-04-24	19:11:50	1c983f12-2ca1-479b-bda7-a7711fcb0844	GET	/animal/	undefined
2025-04-24	19:12:13	feeba6f9-2f59-4810-944c-1126ae133b0b	POST	/animal/cadastra	undefined
2025-04-24	19:12:33	68bf6461-7301-42e0-bfb1-56b36c3bab8b	POST	/animal/cadastra	undefined
2025-04-24	19:12:35	162e4538-0a48-40e2-acfe-3d04b4649ca7	GET	/animal/	undefined
2025-04-24	19:12:59	81cb984d-0049-4d6c-aa8b-c47d013f7539	DELETE	/animal/delete/1dbe5f74-8c8e-43b7-80bf-42ecfa83c274	undefined
2025-04-24	19:13:19	646741f4-a173-4495-b615-0af3ee7bb99c	GET	/animal/	undefined
2025-04-28	19:48:43	91555352-58fd-4f86-98ce-dbf9abc5327c	GET	/animal/	undefined
2025-04-28	19:48:53	67609e66-772d-47de-82c0-a5a365f0734b	POST	/animal/cadastra	undefined
2025-04-28	19:49:51	03fe8d39-9309-4c8d-b14e-cf53b12e77b3	GET	/animal/	undefined
2025-04-28	19:50:56	57534770-04c2-4fcb-a8cf-cff5c36ceb0f	GET	/animal/	undefined
2025-04-28	19:51:00	7d2f1d7b-9001-4288-90f7-f32ebff41b27	POST	/animal/cadastra	undefined
2025-04-28	19:51:11	82ac34eb-dfe9-47cf-85c7-3df167f45fb0	PUT	/animal/upadate/37dc8a27-1d26-4dad-85f2-885ac8976b44	undefined
2025-04-28	19:51:38	984c6553-94e7-48d0-b3d0-05f6551b3c57	POST	/animal/cadastra	undefined
2025-04-28	19:51:52	e85690cf-ee4f-4bb5-838a-a6cb334424ea	PUT	/animal/upadate/e5ce9b5e-bc24-4895-876e-e05fa50b086d	undefined
2025-04-28	19:52:21	8f0ce42e-3095-48b3-8bed-b6038c2528c4	POST	/animal/cadastra	undefined
2025-04-28	19:52:33	bb5ab7a1-f729-4d67-9bc3-b7419498325e	PUT	/animal/update/87fba24f-dd60-4aa3-b31b-f8112f93d81c	undefined
2025-04-28	19:52:45	665ddaca-41d5-4f25-8730-045262cf5db3	GET	/animal/	undefined
2025-04-28	19:53:40	77dfe392-6526-458e-aedf-a04b7dc46e56	POST	/animal/cadastra	undefined
2025-04-28	19:54:20	7b30b882-dea7-4a7c-9cbc-b23035187421	PUT	/animal/update/6e709224-92c6-4331-b06f-95a9d77d3cbf	undefined
2025-04-28	19:54:29	aeadfe6c-1573-4047-b647-c2fba3af7468	GET	/animal/	undefined
2025-04-28	19:54:43	d4b1af6e-1536-4365-afcb-5cbea41af9c6	PUT	/animal/update/6e709224-92c6-4331-b06f-95a9d77d3cbf	undefined
2025-04-28	19:55:03	b9332dbd-072c-4c4f-b2f2-852b8dccaa2f	PUT	/animal/update/6e709224-92c6-4331-b06f-95a9d77d3cbf	undefined
2025-04-30	20:22:57	10be2b4b-2e2e-4072-a37e-d18adf199861	GET	/animal/	undefined
2025-04-30	20:27:11	523f7fcd-4b95-487e-b85b-34d6cdeb369a	GET	/animal/	undefined
